2024-11-16 10:26:46,803 INFO supervisord started with pid 1
2024-11-16 10:26:47,807 INFO spawned: 'php-fpm' with pid 7
2024-11-16 10:26:49,044 INFO success: php-fpm entered RUNNING state, process has stayed up for > than 1 seconds (startsecs)
2024-11-16 10:49:58,189 WARN received SIGQUIT indicating exit request
2024-11-16 10:49:58,189 INFO waiting for php-fpm to die
2024-11-16 10:49:58,201 INFO stopped: php-fpm (exit status 0)
2024-11-16 10:50:03,930 INFO supervisord started with pid 1
2024-11-16 10:50:04,933 INFO spawned: 'php-fpm' with pid 7
2024-11-16 10:50:05,980 INFO success: php-fpm entered RUNNING state, process has stayed up for > than 1 seconds (startsecs)
2024-11-16 10:55:11,145 WARN received SIGQUIT indicating exit request
2024-11-16 10:55:11,145 INFO waiting for php-fpm to die
2024-11-16 10:55:12,159 INFO stopped: php-fpm (exit status 0)
2024-11-16 10:56:56,583 INFO supervisord started with pid 1
2024-11-16 10:56:57,586 INFO spawned: 'php-fpm' with pid 7
2024-11-16 10:56:58,638 INFO success: php-fpm entered RUNNING state, process has stayed up for > than 1 seconds (startsecs)
2024-11-16 11:08:29,360 WARN received SIGQUIT indicating exit request
2024-11-16 11:08:29,361 INFO waiting for php-fpm to die
2024-11-16 11:08:30,384 INFO stopped: php-fpm (exit status 0)
2024-11-16 11:08:31,008 INFO supervisord started with pid 1
2024-11-16 11:08:32,010 INFO spawned: 'php-fpm' with pid 7
2024-11-16 11:08:33,056 INFO success: php-fpm entered RUNNING state, process has stayed up for > than 1 seconds (startsecs)
2024-11-16 11:11:00,608 WARN received SIGQUIT indicating exit request
2024-11-16 11:11:00,609 INFO waiting for php-fpm to die
2024-11-16 11:11:00,632 INFO stopped: php-fpm (exit status 0)
2024-11-16 11:11:16,136 INFO supervisord started with pid 1
2024-11-16 11:11:17,138 INFO spawned: 'php-fpm' with pid 7
2024-11-16 11:11:18,188 INFO success: php-fpm entered RUNNING state, process has stayed up for > than 1 seconds (startsecs)
2024-11-16 11:24:36,032 WARN received SIGQUIT indicating exit request
2024-11-16 11:24:36,032 INFO waiting for php-fpm to die
2024-11-16 11:24:37,039 INFO stopped: php-fpm (exit status 0)
2024-11-16 12:35:57,145 INFO supervisord started with pid 1
2024-11-16 12:35:58,147 INFO spawned: 'php-fpm' with pid 7
2024-11-16 12:35:59,199 INFO success: php-fpm entered RUNNING state, process has stayed up for > than 1 seconds (startsecs)
2024-11-16 12:44:08,710 WARN received SIGQUIT indicating exit request
2024-11-16 12:44:08,710 INFO waiting for php-fpm to die
2024-11-16 12:44:09,717 INFO stopped: php-fpm (exit status 0)
2024-11-16 12:44:13,705 INFO supervisord started with pid 1
2024-11-16 12:44:14,708 INFO spawned: 'php-fpm' with pid 7
2024-11-16 12:44:15,781 INFO success: php-fpm entered RUNNING state, process has stayed up for > than 1 seconds (startsecs)
2024-11-16 12:45:01,829 WARN received SIGQUIT indicating exit request
2024-11-16 12:45:01,829 INFO waiting for php-fpm to die
2024-11-16 12:45:01,836 INFO stopped: php-fpm (exit status 0)
2024-11-16 12:45:10,597 INFO supervisord started with pid 1
2024-11-16 12:45:11,600 INFO spawned: 'php-fpm' with pid 7
2024-11-16 12:45:12,649 INFO success: php-fpm entered RUNNING state, process has stayed up for > than 1 seconds (startsecs)
2024-11-16 12:48:47,866 WARN received SIGQUIT indicating exit request
2024-11-16 12:48:47,866 INFO waiting for php-fpm to die
2024-11-16 12:48:48,879 INFO stopped: php-fpm (exit status 0)
2024-11-16 12:48:59,514 INFO supervisord started with pid 1
2024-11-16 12:49:00,516 INFO spawned: 'php-fpm' with pid 7
2024-11-16 12:49:01,564 INFO success: php-fpm entered RUNNING state, process has stayed up for > than 1 seconds (startsecs)
2024-11-16 12:49:46,613 WARN received SIGQUIT indicating exit request
2024-11-16 12:49:46,614 INFO waiting for php-fpm to die
2024-11-16 12:49:47,622 INFO stopped: php-fpm (exit status 0)
2024-11-16 12:49:52,984 INFO supervisord started with pid 1
2024-11-16 12:49:53,986 INFO spawned: 'php-fpm' with pid 6
2024-11-16 12:49:55,033 INFO success: php-fpm entered RUNNING state, process has stayed up for > than 1 seconds (startsecs)
2024-11-16 12:51:07,102 WARN received SIGQUIT indicating exit request
2024-11-16 12:51:07,103 INFO waiting for php-fpm to die
2024-11-16 12:51:07,109 INFO stopped: php-fpm (exit status 0)
2024-11-16 12:51:14,849 INFO supervisord started with pid 1
2024-11-16 12:51:15,852 INFO spawned: 'php-fpm' with pid 6
2024-11-16 12:51:16,905 INFO success: php-fpm entered RUNNING state, process has stayed up for > than 1 seconds (startsecs)
2024-11-16 12:51:52,945 WARN received SIGQUIT indicating exit request
2024-11-16 12:51:52,945 INFO waiting for php-fpm to die
2024-11-16 12:51:52,953 INFO stopped: php-fpm (exit status 0)
2024-11-16 12:52:01,258 INFO supervisord started with pid 1
2024-11-16 12:52:02,260 INFO spawned: 'php-fpm' with pid 6
2024-11-16 12:52:03,319 INFO success: php-fpm entered RUNNING state, process has stayed up for > than 1 seconds (startsecs)
2024-11-16 12:54:17,458 WARN received SIGQUIT indicating exit request
2024-11-16 12:54:17,458 INFO waiting for php-fpm to die
2024-11-16 12:54:18,471 INFO stopped: php-fpm (exit status 0)
2024-11-16 12:59:17,929 INFO supervisord started with pid 1
2024-11-16 12:59:18,932 INFO spawned: 'php-fpm' with pid 7
2024-11-16 12:59:20,004 INFO success: php-fpm entered RUNNING state, process has stayed up for > than 1 seconds (startsecs)
2024-11-16 12:59:42,026 WARN received SIGQUIT indicating exit request
2024-11-16 12:59:42,026 INFO waiting for php-fpm to die
2024-11-16 12:59:43,034 INFO stopped: php-fpm (exit status 0)
2024-11-16 12:59:55,095 INFO supervisord started with pid 1
2024-11-16 12:59:56,098 INFO spawned: 'php-fpm' with pid 7
2024-11-16 12:59:57,149 INFO success: php-fpm entered RUNNING state, process has stayed up for > than 1 seconds (startsecs)
2024-11-16 13:00:41,197 WARN received SIGQUIT indicating exit request
2024-11-16 13:00:41,197 INFO waiting for php-fpm to die
2024-11-16 13:00:42,205 INFO stopped: php-fpm (exit status 0)
2024-11-16 13:00:48,770 INFO supervisord started with pid 1
2024-11-16 13:00:49,772 INFO spawned: 'php-fpm' with pid 7
2024-11-16 13:00:50,828 INFO success: php-fpm entered RUNNING state, process has stayed up for > than 1 seconds (startsecs)
2024-11-16 13:00:51,830 WARN received SIGQUIT indicating exit request
2024-11-16 13:00:51,830 INFO waiting for php-fpm to die
2024-11-16 13:00:51,836 INFO stopped: php-fpm (exit status 0)
2024-11-16 13:00:57,162 INFO supervisord started with pid 1
2024-11-16 13:00:58,165 INFO spawned: 'php-fpm' with pid 7
2024-11-16 13:00:59,217 INFO success: php-fpm entered RUNNING state, process has stayed up for > than 1 seconds (startsecs)
2024-11-16 13:15:32,120 WARN received SIGQUIT indicating exit request
2024-11-16 13:15:32,120 INFO waiting for php-fpm to die
2024-11-16 13:15:32,127 INFO stopped: php-fpm (exit status 0)
2024-11-16 13:15:40,923 INFO supervisord started with pid 1
2024-11-16 13:15:41,926 INFO spawned: 'php-fpm' with pid 6
2024-11-16 13:15:42,985 INFO success: php-fpm entered RUNNING state, process has stayed up for > than 1 seconds (startsecs)
2024-11-16 13:16:23,024 WARN received SIGQUIT indicating exit request
2024-11-16 13:16:23,024 INFO waiting for php-fpm to die
2024-11-16 13:16:24,031 INFO stopped: php-fpm (exit status 0)
2024-11-16 13:16:28,317 INFO supervisord started with pid 1
2024-11-16 13:16:29,320 INFO spawned: 'php-fpm' with pid 7
2024-11-16 13:16:30,378 INFO success: php-fpm entered RUNNING state, process has stayed up for > than 1 seconds (startsecs)
2024-11-16 13:16:59,410 WARN received SIGQUIT indicating exit request
2024-11-16 13:16:59,410 INFO waiting for php-fpm to die
2024-11-16 13:17:00,417 INFO stopped: php-fpm (exit status 0)
2024-11-16 13:17:12,294 INFO supervisord started with pid 1
2024-11-16 13:17:13,297 INFO spawned: 'php-fpm' with pid 8
2024-11-16 13:17:14,345 INFO success: php-fpm entered RUNNING state, process has stayed up for > than 1 seconds (startsecs)
2024-11-16 13:17:15,346 WARN received SIGQUIT indicating exit request
2024-11-16 13:17:15,346 INFO waiting for php-fpm to die
2024-11-16 13:17:16,353 INFO stopped: php-fpm (exit status 0)
2024-11-16 13:17:19,531 INFO supervisord started with pid 1
2024-11-16 13:17:20,534 INFO spawned: 'php-fpm' with pid 7
2024-11-16 13:17:21,584 INFO success: php-fpm entered RUNNING state, process has stayed up for > than 1 seconds (startsecs)
2024-11-16 13:18:02,626 WARN received SIGQUIT indicating exit request
2024-11-16 13:18:02,626 INFO waiting for php-fpm to die
2024-11-16 13:18:02,634 INFO stopped: php-fpm (exit status 0)
2024-11-16 13:18:09,351 INFO supervisord started with pid 1
2024-11-16 13:18:10,354 INFO spawned: 'php-fpm' with pid 6
2024-11-16 13:18:11,407 INFO success: php-fpm entered RUNNING state, process has stayed up for > than 1 seconds (startsecs)
2024-11-16 13:18:13,409 WARN received SIGQUIT indicating exit request
2024-11-16 13:18:13,409 INFO waiting for php-fpm to die
2024-11-16 13:18:13,416 INFO stopped: php-fpm (exit status 0)
2024-11-16 13:18:16,940 INFO supervisord started with pid 1
2024-11-16 13:18:17,942 INFO spawned: 'php-fpm' with pid 6
2024-11-16 13:18:18,998 INFO success: php-fpm entered RUNNING state, process has stayed up for > than 1 seconds (startsecs)
2024-11-16 14:49:03,872 WARN received SIGQUIT indicating exit request
2024-11-16 14:49:03,873 INFO waiting for php-fpm to die
2024-11-16 14:49:04,879 INFO stopped: php-fpm (exit status 0)
2024-11-16 14:49:45,044 INFO supervisord started with pid 1
2024-11-16 14:49:46,048 INFO spawned: 'php-fpm' with pid 7
2024-11-16 14:49:47,124 INFO success: php-fpm entered RUNNING state, process has stayed up for > than 1 seconds (startsecs)
2024-11-16 14:49:55,134 WARN received SIGQUIT indicating exit request
2024-11-16 14:49:55,134 INFO waiting for php-fpm to die
2024-11-16 14:49:56,147 INFO stopped: php-fpm (exit status 0)
2024-11-16 14:50:03,971 INFO supervisord started with pid 1
2024-11-16 14:50:04,974 INFO spawned: 'php-fpm' with pid 7
2024-11-16 14:50:06,029 INFO success: php-fpm entered RUNNING state, process has stayed up for > than 1 seconds (startsecs)
